<?xml version="1.0" encoding="UTF-8"?>
<testng-results ignored="0" total="1" passed="1" failed="0" skipped="0">
  <reporter-output>
  </reporter-output>
  <suite started-at="2026-01-14T11:01:25 IST" name="Surefire suite" finished-at="2026-01-14T11:01:28 IST" duration-ms="2837">
    <groups>
    </groups>
    <test started-at="2026-01-14T11:01:25 IST" name="Surefire test" finished-at="2026-01-14T11:01:28 IST" duration-ms="2837">
      <class name="day1.GetUserTest">
        <test-method signature="verifyGetUserAPI()[pri:0, instance:day1.GetUserTest@75f9eccc]" started-at="2026-01-14T11:01:25 IST" name="verifyGetUserAPI" finished-at="2026-01-14T11:01:28 IST" duration-ms="2802" status="PASS">
          <reporter-output>
          </reporter-output>
        </test-method> <!-- verifyGetUserAPI -->
      </class> <!-- day1.GetUserTest -->
    </test> <!-- Surefire test -->
  </suite> <!-- Surefire suite -->
</testng-results>
