<?xml version="1.0" encoding="UTF-8"?>
<testng-results ignored="0" total="1" passed="1" failed="0" skipped="0">
  <reporter-output>
  </reporter-output>
  <suite started-at="2026-01-13T16:26:14 IST" name="Default suite" finished-at="2026-01-13T16:26:17 IST" duration-ms="2595">
    <groups>
    </groups>
    <test started-at="2026-01-13T16:26:14 IST" name="Default test" finished-at="2026-01-13T16:26:17 IST" duration-ms="2595">
      <class name="day1.GetUserTest">
        <test-method signature="verifyGetUserAPI()[pri:0, instance:day1.GetUserTest@2a65fe7c]" started-at="2026-01-13T16:26:14 IST" name="verifyGetUserAPI" finished-at="2026-01-13T16:26:17 IST" duration-ms="2558" status="PASS">
          <reporter-output>
          </reporter-output>
        </test-method> <!-- verifyGetUserAPI -->
      </class> <!-- day1.GetUserTest -->
    </test> <!-- Default test -->
  </suite> <!-- Default suite -->
</testng-results>
