<?xml version="1.0" encoding="UTF-8"?>
<!-- Generated by org.testng.reporters.JUnitReportReporter -->
<testsuite hostname="Manoj-laptop1" failures="0" tests="5" name="day1.HTTPRequests" time="1.709" errors="0" timestamp="2025-11-17T18:58:54 IST" skipped="0">
  <testcase classname="day1.HTTPRequests" name="getUsers" time="1.010"/>
  <testcase classname="day1.HTTPRequests" name="createUser" time="0.646"/>
  <testcase classname="day1.HTTPRequests" name="getUsers1" time="0.017"/>
  <testcase classname="day1.HTTPRequests" name="updateUser" time="0.024"/>
  <testcase classname="day1.HTTPRequests" name="getUsers2" time="0.012"/>
</testsuite> <!-- day1.HTTPRequests -->
